2024-02-08 18:58 - Connection Failed: No connection could be made because the target machine actively refused it
2024-02-14 07:57 - Connection Failed: No connection could be made because the target machine actively refused it
2024-02-14 16:35 - Connection Failed: No connection could be made because the target machine actively refused it
2024-02-15 16:50 - Connection Failed: No connection could be made because the target machine actively refused it
2024-02-19 12:25 - Connection Failed: No connection could be made because the target machine actively refused it
2024-02-27 08:33 - Connection Failed: No connection could be made because the target machine actively refused it
2024-02-27 19:29 - Connection Failed: No connection could be made because the target machine actively refused it
2024-03-03 09:50 - Connection Failed: No connection could be made because the target machine actively refused it
2024-03-04 16:08 - Connection Failed: No connection could be made because the target machine actively refused it
2025-02-25 14:36 - Pay File with amount 39999
2025-02-25 15:38 - Pay File with amount 39999
2025-02-25 15:42 - Pay File with amount 39999
2025-02-25 15:56 - Pay File with amount 39999
2025-02-25 16:04 - Pay File with amount 39999
2025-02-25 16:08 - Pay File with amount 39999
2025-02-25 16:14 - Pay File with amount 39999
2025-02-25 16:15 - Pay File with amount 39999
2025-03-20 17:07 - Inserting to seller_contact_form table:  FNAME: Luvuyo, LNAME: Mkhanya, EMAIL: loovoourpc@yahoo.com, MESSAGE: looer10kfn meesage

2025-05-11 16:02 - Inserting to seller_contact_form table:  FNAME: Luyanda, LNAME: Mchunu, EMAIL: loovoour@gmail.com, MESSAGE: jbjkbjk
2025-05-11 16:04 - Inserting to seller_contact_form table:  FNAME: Luyanda, LNAME: Mchunu, EMAIL: loovoour@gmail.com, MESSAGE: jbjkbjk
2025-05-11 16:06 - Inserting to seller_contact_form table:  FNAME: Luyanda, LNAME: Mchunu, EMAIL: loovoour@gmail.com, MESSAGE: ddddgddddd
2025-05-12 07:18 - Inserting to seller_contact_form table:  FNAME: Luyanda, LNAME: Mchunu, EMAIL: loovoour@gmail.com, MESSAGE: looer
2025-05-13 06:55 - Inserting to seller_contact_form table:  FNAME: Luyanda, LNAME: Mchunu, EMAIL: loovoour@gmail.com, MESSAGE: dffee
2025-05-13 07:05 - Inserting to seller_contact_form table:  FNAME: Luyanda, LNAME: Mchunu, EMAIL: loovoour@gmail.com, MESSAGE: sccscs
2025-05-13 07:07 - Inserting to seller_contact_form table:  FNAME: Luyanda, LNAME: Mchunu, EMAIL: loovoour@gmail.com, MESSAGE: sccscs
2025-05-13 07:10 - Inserting to seller_contact_form table:  FNAME: Luyanda, LNAME: Mchunu, EMAIL: loovoour@gmail.com, MESSAGE: fggfgf
