2024-02-06 21:36 - Login attempt started.
2024-02-06 21:36 - Received username: luvuyo.
2024-02-06 21:36 - Login failed for username: luvuyo.
2024-02-06 21:36 - Login attempt started.
2024-02-06 21:36 - Received username: luvuyo.
2024-02-06 21:36 - Login successful for username: luvuyo.
2024-02-06 21:37 - Login attempt started.
2024-02-06 21:37 - Received username: luvuyo.
2024-02-06 21:37 - Login successful for username: luvuyo.
2024-02-06 21:42 - Login attempt started.
2024-02-06 21:42 - Received username: luvuyo.
2024-02-06 21:42 - Login successful for username: luvuyo.
2024-02-07 05:57 - Login attempt started.
2024-02-07 05:57 - Received username: luvuyo.
2024-02-07 05:57 - Login successful for username: luvuyo.
2024-02-07 07:15 - Login attempt started.
2024-02-07 07:15 - Received username: luvuyo.
2024-02-07 07:15 - Login successful for username: luvuyo.
2024-02-07 07:33 - Login attempt started.
2024-02-07 07:33 - Received username: luvuyo.
2024-02-07 07:33 - Login successful for username: luvuyo.
2024-02-07 07:35 - Login attempt started.
2024-02-07 07:35 - Received username: luvuyo.
2024-02-07 07:35 - Login failed for username: luvuyo.
2024-02-07 07:35 - Login attempt started.
2024-02-07 07:35 - Received username: luvuyo.
2024-02-07 07:35 - Login successful for username: luvuyo.
2024-02-08 21:09 - Login attempt started.
2024-02-08 21:09 - Received username: luvuyo.
2024-02-08 21:09 - Login successful for username: luvuyo.
2024-02-09 14:59 - Login attempt started.
2024-02-09 14:59 - Received username: luvuyo.
2024-02-09 14:59 - Login successful for username: luvuyo.
2024-02-09 22:16 - Login attempt started.
2024-02-09 22:16 - Received username: luvuyo.
2024-02-09 22:16 - Login failed for username: luvuyo.
2024-02-09 22:16 - Login attempt started.
2024-02-09 22:16 - Received username: luvuyo.
2024-02-09 22:16 - Login successful for username: luvuyo.
2024-02-09 22:18 - Login attempt started.
2024-02-09 22:18 - Received username: luvuyo.
2024-02-09 22:18 - Login successful for username: luvuyo.
2024-02-09 22:24 - Login attempt started.
2024-02-09 22:24 - Received username: luvuyo.
2024-02-09 22:24 - Login successful for username: luvuyo.
2024-02-09 22:36 - Login attempt started.
2024-02-09 22:36 - Received username: luvuyo.
2024-02-09 22:36 - Login successful for username: luvuyo.
2024-02-09 23:28 - Login attempt started.
2024-02-09 23:28 - Received username: luvuyo.
2024-02-09 23:28 - Login successful for username: luvuyo.
2024-02-10 15:38 - Login attempt started.
2024-02-10 15:38 - Received username: luvuyo.
2024-02-10 15:38 - Login successful for username: luvuyo.
2024-02-10 17:30 - Login attempt started.
2024-02-10 17:30 - Received username: luvuyo.
2024-02-10 17:30 - Login successful for username: luvuyo.
2024-02-10 19:17 - Login attempt started.
2024-02-10 19:17 - Received username: luvuyo.
2024-02-10 19:17 - Login successful for username: luvuyo.
2024-02-11 14:10 - Login attempt started.
2024-02-11 14:10 - Received username: luvuyo.
2024-02-11 14:10 - Login successful for username: luvuyo.
2024-02-11 14:13 - Login attempt started.
2024-02-11 14:13 - Received username: luvuyo.
2024-02-11 14:13 - Login successful for username: luvuyo.
2024-02-12 09:26 - Login attempt started.
2024-02-12 09:26 - Received username: luvuyo.
2024-02-12 09:26 - Login successful for username: luvuyo.
2024-02-12 16:25 - Login attempt started.
2024-02-12 16:25 - Received username: luvuyo.
2024-02-12 16:25 - Login successful for username: luvuyo.
2024-02-14 09:51 - Login attempt started.
2024-02-14 09:51 - Received username: luvuyo.
2024-02-14 09:51 - Login successful for username: luvuyo.
2024-02-14 09:53 - Login attempt started.
2024-02-14 09:53 - Received username: luvuyo.
2024-02-14 09:53 - Login successful for username: luvuyo.
2024-02-14 16:38 - Login attempt started.
2024-02-14 16:38 - Received username: luvuyo.
2024-02-14 16:38 - Login successful for username: luvuyo.
2024-02-14 21:35 - Login attempt started.
2024-02-14 21:35 - Received username: luvuyo.
2024-02-14 21:35 - Login successful for username: luvuyo.
2024-02-15 16:51 - Login attempt started.
2024-02-15 16:51 - Received username: luvuyo.
2024-02-15 16:51 - Login successful for username: luvuyo.
2024-02-20 14:24 - Login attempt started.
2024-02-20 14:24 - Received username: Luvuyo .
2024-02-20 14:24 - Login successful for username: Luvuyo .
2024-02-21 12:27 - Login attempt started.
2024-02-21 12:27 - Received username: luvuyo.
2024-02-21 12:27 - Login successful for username: luvuyo.
2024-02-23 08:08 - Login attempt started.
2024-02-23 08:08 - Received username: luvuyo.
2024-02-23 08:08 - Login successful for username: luvuyo.
2024-02-24 06:21 - Login attempt started.
2024-02-24 06:21 - Received username: luvuyo.
2024-02-24 06:21 - Login successful for username: luvuyo.
2024-02-24 06:34 - Login attempt started.
2024-02-24 06:34 - Received username: luvuyo.
2024-02-24 06:34 - Login successful for username: luvuyo.
2024-02-24 10:14 - Login attempt started.
2024-02-24 10:14 - Received username: luvuyo.
2024-02-24 10:14 - Login successful for username: luvuyo.
2024-02-24 16:54 - Login attempt started.
2024-02-24 16:54 - Received username: luvuyo.
2024-02-24 16:54 - Login successful for username: luvuyo.
2024-02-24 16:54 - Login attempt started.
2024-02-24 16:54 - Received username: luvuyo.
2024-02-24 16:54 - Login successful for username: luvuyo.
2024-02-25 15:28 - Login attempt started.
2024-02-25 15:28 - Received username: luvuyo.
2024-02-25 15:28 - Login successful for username: luvuyo.
2024-02-25 16:01 - Login attempt started.
2024-02-25 16:01 - Received username: luvuyo.
2024-02-25 16:01 - Login successful for username: luvuyo.
2024-02-25 16:35 - Login attempt started.
2024-02-25 16:35 - Received username: luvuyo.
2024-02-25 16:35 - Login successful for username: luvuyo.
2024-02-25 16:47 - Login attempt started.
2024-02-25 16:47 - Received username: luvuyo.
2024-02-25 16:47 - Login successful for username: luvuyo.
2024-02-25 20:18 - Login attempt started.
2024-02-25 20:18 - Received username: luvuyo.
2024-02-25 20:18 - Login successful for username: luvuyo.
2024-02-25 20:22 - Login attempt started.
2024-02-25 20:22 - Received username: luvuyo.
2024-02-25 20:22 - Login successful for username: luvuyo.
2024-02-25 21:10 - Login attempt started.
2024-02-25 21:10 - Received username: luvuyo.
2024-02-25 21:10 - Login successful for username: luvuyo.
2024-02-25 21:11 - Login attempt started.
2024-02-25 21:11 - Received username: luvuyo.
2024-02-25 21:11 - Login successful for username: luvuyo.
2024-02-25 21:12 - Login attempt started.
2024-02-25 21:12 - Received username: luvuyo.
2024-02-25 21:12 - Login successful for username: luvuyo.
2024-02-26 00:10 - Login attempt started.
2024-02-26 00:10 - Received username: luvuyo.
2024-02-26 00:10 - Login successful for username: luvuyo.
2024-02-26 09:42 - Login attempt started.
2024-02-26 09:42 - Received username: aubsand46@gmail.com.
2024-02-26 09:42 - Login successful for username: aubsand46@gmail.com.
2024-02-27 08:34 - Login attempt started.
2024-02-27 08:34 - Received username: luvuyo.
2024-02-27 08:34 - Login successful for username: luvuyo.
2024-02-27 14:31 - Login attempt started.
2024-02-27 14:31 - Received username: luvuyo.
2024-02-27 14:31 - Login failed for username: luvuyo.
2024-02-27 14:31 - Login attempt started.
2024-02-27 14:31 - Received username: luvuyo.
2024-02-27 14:31 - Login successful for username: luvuyo.
2024-02-27 14:40 - Login attempt started.
2024-02-27 14:40 - Received username: luvuyo.
2024-02-27 14:40 - Login successful for username: luvuyo.
2024-02-27 17:36 - Login attempt started.
2024-02-27 17:36 - Received username: luvuyo.
2024-02-27 17:36 - Login successful for username: luvuyo.
2024-02-27 21:52 - Login attempt started.
2024-02-27 21:52 - Received username: luvuyo.
2024-02-27 21:52 - Login successful for username: luvuyo.
2024-02-28 17:48 - Login attempt started.
2024-02-28 17:48 - Received username: luvuyo.
2024-02-28 17:48 - Login successful for username: luvuyo.
2024-03-03 12:23 - Login attempt started.
2024-03-03 12:23 - Received username: luvuyo.
2024-03-03 12:23 - Login successful for username: luvuyo.
2024-03-03 12:39 - Login attempt started.
2024-03-03 12:39 - Received username: luvuyo.
2024-03-03 12:39 - Login successful for username: luvuyo.
2024-03-03 14:38 - Login attempt started.
2024-03-03 14:38 - Received username: luvuyo.
2024-03-03 14:38 - Login successful for username: luvuyo.
2024-03-03 15:11 - Login attempt started.
2024-03-03 15:11 - Received username: luvuyo.
2024-03-03 15:11 - Login successful for username: luvuyo.
2024-03-03 15:45 - Login attempt started.
2024-03-03 15:45 - Received username: luvuyo.
2024-03-03 15:45 - Login successful for username: luvuyo.
2024-03-05 07:34 - Login attempt started.
2024-03-05 07:34 - Received username: luvuyo.
2024-03-05 07:34 - Login successful for username: luvuyo.
2024-03-05 07:38 - Login attempt started.
2024-03-05 07:38 - Received username: luvuyo.
2024-03-05 07:38 - Login successful for username: luvuyo.
2024-03-17 08:39 - Login attempt started.
2024-03-17 08:39 - Received username: loovoour@gmail.com.
2024-03-17 08:39 - Login successful for username: loovoour@gmail.com.
2024-03-24 11:32 - Login attempt started.
2024-03-24 11:32 - Received username: luvuyo.
2024-03-24 11:32 - Login successful for username: luvuyo.
2024-03-24 13:48 - Login attempt started.
2024-03-24 13:48 - Received username: vmndnn.
2024-03-24 13:48 - Login failed for username: vmndnn.
2024-03-24 14:00 - Login attempt started.
2024-03-24 14:00 - Received username: loovoour@gmail.com.
2024-03-24 14:00 - Login successful for username: loovoour@gmail.com.
2024-03-24 14:22 - Login attempt started.
2024-03-24 14:22 - Received username: paddy@gmail.com.
2024-03-24 14:22 - Login failed for username: paddy@gmail.com.
2024-04-23 21:12 - Login attempt started.
2024-04-23 21:12 - Received username: loovoour@gmail.com.
2024-04-23 21:12 - Login successful for username: loovoour@gmail.com.
2024-10-06 15:47 - Login attempt started.
2024-10-06 15:47 - Received username: luvuyo.
2024-10-06 15:47 - Login failed for username: luvuyo.
2024-10-06 15:53 - Login attempt started.
2024-10-06 15:53 - Received username: luvuyo.
2024-10-06 15:53 - Login successful for username: luvuyo.
2024-10-06 16:02 - Login attempt started.
2024-10-06 16:02 - Received username: luvuyo.
2024-10-06 16:02 - Login successful for username: luvuyo.
2024-10-06 16:05 - Login attempt started.
2024-10-06 16:05 - Received username: luvuyo.
2024-10-06 16:05 - Login successful for username: luvuyo.
2024-10-06 16:05 - Login attempt started.
2024-10-06 16:05 - Received username: luvuyo.
2024-10-06 16:05 - Login successful for username: luvuyo.
2024-10-06 16:11 - Login attempt started.
2024-10-06 16:11 - Received username: luvuyo.
2024-10-06 16:11 - Login successful for username: luvuyo.
2024-10-06 17:48 - Login attempt started.
2024-10-06 17:48 - Received username: luvuyo.
2024-10-06 17:48 - Login successful for username: luvuyo.
2024-10-06 21:43 - Login attempt started.
2024-10-06 21:43 - Received username: luvuyo.
2024-10-06 21:43 - Login successful for username: luvuyo.
2024-10-07 07:20 - Login attempt started.
2024-10-07 07:20 - Received username: luvuyo.
2024-10-07 07:20 - Login successful for username: luvuyo.
2024-10-10 14:25 - Login attempt started.
2024-10-10 14:25 - Received username: luvuyo.
2024-10-10 14:25 - Login successful for username: luvuyo.
2025-01-02 00:26 - Login attempt started.
2025-01-02 00:26 - Received username: luvuyo.
2025-01-02 00:26 - Login successful for username: luvuyo.
2025-01-02 00:59 - Login attempt started.
2025-01-02 00:59 - Received username: luvuyo.
2025-01-02 00:59 - Login failed for username: luvuyo.
2025-01-02 01:00 - Login attempt started.
2025-01-02 01:00 - Received username: luvuyo.
2025-01-02 01:00 - Login failed for username: luvuyo.
2025-01-02 01:00 - Login attempt started.
2025-01-02 01:00 - Received username: luvuyo.
2025-01-02 01:00 - Login successful for username: luvuyo.
2025-01-02 03:33 - Login attempt started.
2025-01-02 03:33 - Received username: luvuyo.
2025-01-02 03:33 - Login successful for username: luvuyo.
2025-01-31 12:17 - Login attempt started.
2025-01-31 12:17 - Received username: loovoour@gmail.com.
2025-01-31 12:17 - Login successful for username: loovoour@gmail.com.
2025-02-09 20:25 - Login attempt started.
2025-02-09 20:25 - Received username: luvuyo.
2025-02-09 20:25 - Login successful for username: luvuyo.
2025-02-09 21:58 - Login attempt started.
2025-02-09 21:58 - Received username: luvuyo.
2025-02-09 21:58 - Login successful for username: luvuyo.
2025-02-09 21:58 - Login attempt started.
2025-02-09 21:58 - Received username: luvuyo.
2025-02-09 21:58 - Login successful for username: luvuyo.
2025-02-10 11:54 - Login attempt started.
2025-02-10 11:54 - Received username: luvuyo.
2025-02-10 11:54 - Login successful for username: luvuyo.
2025-02-10 12:38 - Login attempt started.
2025-02-10 12:38 - Received username: loovoour@gmail.com.
2025-02-10 12:38 - Login successful for username: loovoour@gmail.com.
2025-02-10 15:19 - Login attempt started.
2025-02-10 15:19 - Received username: loovoour@gmail.com.
2025-02-10 15:19 - Login successful for username: loovoour@gmail.com.
2025-02-10 18:09 - Login attempt started.
2025-02-10 18:09 - Received username: luvuyo.
2025-02-10 18:09 - Login successful for username: luvuyo.
2025-02-11 00:19 - Login attempt started.
2025-02-11 00:19 - Received username: luvuyo.
2025-02-11 00:19 - Login successful for username: luvuyo.
2025-02-13 20:30 - Login attempt started.
2025-02-13 20:30 - Received username: luvuyo.
2025-02-13 20:30 - Login successful for username: luvuyo.
2025-02-25 17:53 - Login attempt started.
2025-02-25 17:53 - Received username: loovoour@gmail.com.
2025-02-25 17:53 - Login failed for username: loovoour@gmail.com.
2025-02-25 17:54 - Login attempt started.
2025-02-25 17:54 - Received username: loovoour@gmail.com.
2025-02-25 17:54 - Login failed for username: loovoour@gmail.com.
2025-02-27 23:57 - Login attempt started.
2025-02-27 23:57 - Received username: loovoour@gmail.com.
2025-02-27 23:57 - Login failed for username: loovoour@gmail.com.
2025-03-12 11:59 - Login attempt started.
2025-03-12 11:59 - Received username: loovoour@gmail.com.
2025-03-12 11:59 - Login failed for username: loovoour@gmail.com.
2025-03-12 12:00 - Login attempt started.
2025-03-12 12:00 - Received username: loovoour@gmail.com.
2025-03-12 12:00 - Login failed for username: loovoour@gmail.com.
2025-03-12 13:00 - Login attempt started.
2025-03-12 13:00 - Received username: luvuyo@theapi.house.
2025-03-12 13:00 - Login failed for username: luvuyo@theapi.house.
2025-03-12 13:09 - Login attempt started.
2025-03-12 13:09 - Received username: loovoour@gmail.com.
2025-03-12 13:09 - Login failed for username: loovoour@gmail.com.
2025-03-12 13:28 - Login attempt started.
2025-03-12 13:28 - Received username: loovoour@gmail.com.
2025-03-12 13:28 - Login failed for username: loovoour@gmail.com.
2025-03-12 14:41 - Login attempt started.
2025-03-12 14:41 - Received username: loovoour@gmail.com.
2025-03-12 14:41 - Login successful for username: loovoour@gmail.com.
2025-03-16 11:12:47 - Login attempt started.
2025-03-16 11:12:47 - Received username: loovoour@gmail.com.
2025-03-16 11:12:47 - Login successful for username: loovoour@gmail.com.
2025-03-16 11:14:00 - Login attempt started.
2025-03-16 11:14:00 - Received username: loovoour@gmail.com.
2025-03-16 11:14:00 - Login successful for username: loovoour@gmail.com.
2025-03-16 12:01:33 - Login attempt started.
2025-03-16 12:01:33 - Received username: loovoour@gmail.com.
2025-03-16 12:01:33 - Login successful for username: loovoour@gmail.com.
2025-03-16 12:05:44 - Login attempt started.
2025-03-16 12:05:44 - Received username: loovoour@gmail.com.
2025-03-16 12:05:44 - Login successful for username: loovoour@gmail.com.
2025-03-16 19:03:21 - Login attempt started.
2025-03-16 19:03:21 - Received username: loovoour@gmail.com.
2025-03-16 19:03:21 - Login successful for username: loovoour@gmail.com.
2025-03-17 05:07:15 - Login attempt started.
2025-03-17 05:08:05 - Login attempt started.
2025-03-17 05:08:05 - Login failed for username: loovoour@gmail.com.

2025-03-17 05:09:18 - Login attempt started.
2025-03-17 05:09:35 - Login attempt started.
2025-03-17 05:11:09 - Login attempt started.
2025-03-17 05:11:09 - Login successful for username: loovoour@gmail.com.
2025-03-17 05:17:52 - Login attempt started.
2025-03-17 05:17:52 - Login successful for username: loovoour@gmail.com.
2025-03-17 05:19:08 - Login attempt started.
2025-03-17 05:19:08 - Login successful for username: loovoour@gmail.com.
2025-03-17 05:19:44 - Login attempt started.
2025-03-17 05:19:45 - Login successful for username: loovoour@gmail.com.
2025-03-17 05:20:23 - Login attempt started.
2025-03-17 11:43:50 - Login attempt started.
2025-03-17 11:44:07 - Login attempt started.
2025-03-17 11:44:18 - Login attempt started.
2025-03-17 11:45:05 - Login attempt started.
2025-03-17 11:55:08 - Login attempt started.
2025-03-17 11:55:08 - Login failed for username: loovoour@gmail.com.
2025-03-17 11:55:28 - Login attempt started.
2025-03-17 11:59:15 - Login attempt started.
2025-03-17 11:59:15 - I'm hrer
2025-03-17 11:59:42 - Login attempt started.
2025-03-17 11:59:43 - I'm here!
2025-03-17 12:00:10 - Login attempt started.
2025-03-17 12:01:57 - Login attempt started.
2025-03-17 12:03:28 - Login attempt started.
2025-03-17 12:03:28 - Login successful for username: loovoour@gmail.com.
2025-03-17 12:10:53 - Login attempt started.
2025-03-17 12:11:14 - Login attempt started.
2025-03-17 15:25:29 - Login attempt started.
2025-03-17 16:07:35 - Login attempt started.
2025-03-17 16:08:11 - Login attempt started.
2025-03-17 16:09:13 - Login attempt started.
2025-03-17 16:09:13 - Login successful for username: loovoour@gmail.com.
2025-03-17 18:45:00 - Login attempt started.
2025-03-17 18:45:00 - Login successful for username: loovoour@gmail.com.
2025-03-17 19:51:50 - Login attempt started.
2025-03-17 19:51:50 - Login successful for username: loovoour@gmail.com.
2025-03-18 08:47:15 - Login attempt started.
2025-03-18 09:57:38 - Login attempt started.
2025-03-18 10:33:43 - Login attempt started.
2025-03-18 10:57:57 - Login attempt started.
2025-03-18 11:09:07 - Login attempt started.
2025-03-18 11:09:33 - Login attempt started.
2025-03-18 11:31:06 - Login attempt started.
2025-03-18 11:32:59 - Login attempt started.
2025-03-18 11:35:51 - Login attempt started.
2025-03-18 11:37:02 - Login attempt started.
2025-03-18 11:41:59 - Login attempt started.
2025-03-18 11:41:59 - Login successful for username: loovoour@gmail.com.
2025-03-18 11:46:49 - Login attempt started.
2025-03-18 11:46:49 - Login failed for username: loovoour@gmail.com.
2025-03-18 12:22:40 - Login attempt started.
2025-03-18 12:22:48 - Login attempt started.
2025-03-18 12:23:27 - Login attempt started.
2025-03-18 12:23:27 - Login failed for username: emihlemtolo075@gmail.com.
2025-03-18 12:23:34 - Login attempt started.
2025-03-18 12:23:34 - Login successful for username: emihlemtolo075@gmail.com.
2025-03-18 12:23:47 - Login attempt started.
2025-03-18 12:23:47 - Login failed for username: emihlemtolo075@gmail.com.
2025-03-18 12:23:58 - Login attempt started.
2025-03-18 12:23:58 - Login successful for username: emihlemtolo075@gmail.com.
2025-03-18 12:24:17 - Login attempt started.
2025-03-18 12:25:23 - Login attempt started.
2025-03-18 12:25:23 - Received username: emihlemtolo075@gmail.com.
2025-03-18 12:26:31 - Login attempt started.
2025-03-18 12:26:31 - Received username: emihlemtolo075@gmail.com.
2025-03-18 12:26:45 - Login attempt started.
2025-03-18 12:26:46 - Received username: emihlemtolo075@gmail.com.
2025-03-18 12:30:59 - Login attempt started.
2025-03-18 12:32:44 - Login attempt started.
2025-03-18 12:32:44 - Login failed for username: emihlemtolo075@gmail.com.
2025-03-18 12:32:52 - Login attempt started.
2025-03-18 12:33:38 - Login attempt started.
2025-03-18 12:33:38 - Login failed for username: loovoour@gmail.com.
2025-03-18 12:33:51 - Login attempt started.
2025-03-18 17:42:34 - Login attempt started.
2025-03-18 17:52:32 - Login attempt started.
2025-03-18 20:36:55 - Login attempt started.
2025-03-19 01:00:25 - Login attempt started.
2025-03-19 01:00:25 - Login failed for username: loovoour@gmail.com.
2025-03-19 01:01:35 - Login attempt started.
2025-03-19 01:01:35 - Login failed for username: loovoour@gmail.com.
2025-03-19 01:01:47 - Login attempt started.
2025-03-19 01:35:52 - Login attempt started.
2025-03-19 01:35:52 - Login failed for username: loovoour@gmail.com.
2025-03-19 01:45:00 - Login attempt started.
2025-03-19 01:51:47 - Login attempt started.
2025-03-19 02:03:27 - Login attempt started.
2025-03-19 02:05:13 - Login attempt started.
2025-03-19 02:10:36 - Login attempt started.
2025-03-19 02:11:09 - Login attempt started.
2025-03-19 02:12:09 - Login attempt started.
2025-03-19 02:17:47 - Login attempt started.
2025-03-19 02:17:55 - Login attempt started.
2025-03-19 02:17:55 - Login failed for username: emihlemtolo075@gmail.com.
2025-03-19 02:18:04 - Login attempt started.
2025-03-19 09:30:21 - Login attempt started.
2025-03-19 09:30:21 - Login failed for username: loovoour@gmail.com.
2025-03-19 09:30:29 - Login attempt started.
2025-03-19 09:33:53 - Login attempt started.
2025-03-19 09:33:53 - Login successful for username: tetemayeza123@gmail.com.
2025-03-19 09:36:28 - Login attempt started.
2025-03-19 09:36:28 - Login successful for username: tetemayeza123@gmail.com.
2025-03-19 09:39:06 - Login attempt started.
2025-03-19 09:39:06 - Login successful for username: tetemayeza123@gmail.com.
2025-03-19 09:39:23 - Login attempt started.
2025-03-19 09:39:23 - Login failed for username: loovoourpc@yahoo.com.
2025-03-19 09:39:30 - Login attempt started.
2025-03-19 09:39:30 - Login successful for username: emihlemtolo075@gmail.com.
2025-03-19 09:42:43 - Login attempt started.
2025-03-19 09:42:43 - Login successful for username: tetemayeza123@gmail.com.
2025-03-19 09:43:12 - Login attempt started.
2025-03-19 09:43:12 - Login successful for username: tetemayeza123@gmail.com.
2025-03-19 09:45:20 - Login attempt started.
2025-03-19 09:45:20 - Login successful for username: tetemayeza123@gmail.com.
2025-03-19 09:46:08 - Login attempt started.
2025-03-19 09:46:08 - Login successful for username: tetemayeza123@gmail.com.
2025-03-19 09:47:24 - Login attempt started.
2025-03-19 09:47:24 - Login successful for username: tetemayeza123@gmail.com.
2025-03-19 09:48:07 - Login attempt started.
2025-03-19 09:48:07 - Login successful for username: tetemayeza123@gmail.com.
2025-03-19 09:54:16 - Login attempt started.
2025-03-19 09:54:16 - Login successful for username: tetemayeza123@gmail.com.
2025-03-19 09:54:33 - Login attempt started.
2025-03-19 09:54:33 - Login successful for username: tetemayeza123@gmail.com.
2025-03-19 09:55:03 - Login attempt started.
2025-03-19 09:55:03 - Login successful for username: tetemayeza123@gmail.com.
2025-03-19 09:56:49 - Login attempt started.
2025-03-19 09:56:49 - Login successful for username: tetemayeza123@gmail.com.
2025-03-19 09:57:55 - Login attempt started.
2025-03-19 09:57:55 - Login successful for username: tetemayeza123@gmail.com.
2025-03-19 09:58:59 - Login attempt started.
2025-03-19 09:58:59 - Login successful for username: tetemayeza123@gmail.com.
2025-03-19 10:00:43 - Login attempt started.
2025-03-19 10:00:43 - Login successful for username: tetemayeza123@gmail.com.
2025-03-19 10:17:09 - Login attempt started.
2025-03-19 10:17:09 - Login successful for username: tetemayeza123@gmail.com.
2025-03-19 10:17:59 - Login attempt started.
2025-03-19 10:17:59 - Login successful for username: tetemayeza123@gmail.com.
2025-03-19 10:19:12 - Login attempt started.
2025-03-19 10:19:12 - Login successful for username: tetemayeza123@gmail.com.
2025-03-19 10:21:29 - Login attempt started.
2025-03-19 10:21:30 - Login failed for username: tetemayeza123@gmail.com.
2025-03-19 10:21:41 - Login attempt started.
2025-03-19 10:21:42 - Login successful for username: tetemayeza123@gmail.com.
2025-03-19 10:27:40 - Login attempt started.
2025-03-19 10:27:40 - Login successful for username: tetemayeza123@gmail.com.
2025-03-19 10:34:03 - Login attempt started.
2025-03-19 10:34:03 - Login successful for username: tetemayeza123@gmail.com.
2025-03-19 10:39:18 - Login attempt started.
2025-03-19 10:39:18 - Login successful for username: tetemayeza123@gmail.com.
2025-03-19 10:40:47 - Login attempt started.
2025-03-19 10:40:47 - Login successful for username: tetemayeza123@gmail.com.
2025-03-19 10:43:23 - Login attempt started.
2025-03-19 10:43:23 - Login failed for username: tetemayeza123@gmail.com.
2025-03-19 10:43:34 - Login attempt started.
2025-03-19 10:43:34 - Login successful for username: tetemayeza123@gmail.com.
2025-03-19 10:45:06 - Login attempt started.
2025-03-19 10:45:06 - Login successful for username: tetemayeza123@gmail.com.
2025-03-19 10:47:53 - Login attempt started.
2025-03-19 10:47:53 - Login successful for username: tetemayeza123@gmail.com.
2025-03-19 10:52:12 - Login attempt started.
2025-03-19 10:52:12 - Login successful for username: tetemayeza123@gmail.com.
2025-03-19 10:54:33 - Login attempt started.
2025-03-19 10:54:33 - Login successful for username: tetemayeza123@gmail.com.
2025-03-19 10:58:01 - Login attempt started.
2025-03-19 10:58:01 - Login successful for username: tetemayeza123@gmail.com.
2025-03-19 11:01:12 - Login attempt started.
2025-03-19 11:01:12 - Login successful for username: tetemayeza123@gmail.com.
2025-03-19 11:29:07 - Login attempt started.
2025-03-19 11:29:07 - Login successful for username: tetemayeza123@gmail.com.
2025-03-19 11:38:12 - Login attempt started.
2025-03-19 11:38:12 - Login successful for username: tetemayeza123@gmail.com.
2025-03-19 11:43:03 - Login attempt started.
2025-03-19 11:43:03 - Login successful for username: tetemayeza123@gmail.com.
2025-03-19 11:54:29 - Login attempt started.
2025-03-19 11:54:29 - Login successful for username: tetemayeza123@gmail.com.
2025-03-19 12:00:27 - Login attempt started.
2025-03-19 12:00:27 - Login successful for username: emihlemtolo075@gmail.com.
2025-03-19 12:01:44 - Login attempt started.
2025-03-19 12:01:44 - Login failed for username: loovoour@gmail.com.
2025-03-19 12:06:40 - Login attempt started.
2025-03-19 12:06:40 - Login successful for username: loovoourpc@yahoo.com.
2025-03-19 12:16:46 - Login attempt started.
2025-03-19 12:16:46 - Login successful for username: emihlemtolo075@gmail.com.
2025-03-19 12:17:25 - Login attempt started.
2025-03-19 12:17:25 - Login successful for username: emihlemtolo075@gmail.com.
2025-03-19 12:18:32 - Login attempt started.
2025-03-19 12:18:32 - Login successful for username: emihlemtolo075@gmail.com.
2025-03-19 12:18:32 - Received username: emihlemtolo075@gmail.com.
2025-03-19 12:18:49 - Login attempt started.
2025-03-19 12:18:49 - Login successful for username: emihlemtolo075@gmail.com.
2025-03-19 12:19:00 - Login attempt started.
2025-03-19 12:19:00 - Login successful for username: emihlemtolo075@gmail.com.
2025-03-19 12:19:00 - Received username: emihlemtolo075@gmail.com.
2025-03-19 12:21:45 - Login attempt started.
2025-03-19 12:21:45 - Login successful for username: emihlemtolo075@gmail.com.
2025-03-19 12:21:45 - Received username: emihlemtolo075@gmail.com.
2025-03-19 12:22:42 - Login attempt started.
2025-03-19 12:22:42 - Login successful for username: emihlemtolo075@gmail.com.
2025-03-19 12:22:42 - Received username: emihlemtolo075@gmail.com.
2025-03-19 12:38:50 - Login attempt started.
2025-03-19 12:38:50 - Login successful for username: emihlemtolo075@gmail.com.
2025-03-19 12:40:33 - Login attempt started.
2025-03-19 12:40:33 - Login failed for username: tetemayeza123@gmail.com.
2025-03-19 12:50:45 - Login attempt started.
2025-03-19 12:50:45 - Login failed for username: emihlemtolo075@gmail.com.
2025-03-19 13:32:56 - Login attempt started.
2025-03-19 13:32:56 - Login failed for username: tetemayeza123@gmail.com.
2025-03-19 13:43:46 - Login attempt started.
2025-03-19 13:43:46 - Login failed for username: tetemayeza123@gmail.com.
2025-03-19 13:43:56 - Login attempt started.
2025-03-19 13:43:56 - Login successful for username: loovoour@gmail.com.
2025-03-19 13:58:29 - Login attempt started.
2025-03-19 13:58:29 - Login successful for username: loovoour@gmail.com.
2025-03-19 14:08:22 - Login attempt started.
2025-03-19 14:08:22 - Login successful for username: loovoour@gmail.com.
2025-03-19 14:10:26 - Login attempt started.
2025-03-19 14:10:26 - Login successful for username: loovoour@gmail.com.
2025-03-19 14:26:57 - Login attempt started.
2025-03-19 14:26:57 - Login failed for username: loovoour@gmail.com.
2025-03-19 14:29:39 - Login attempt started.
2025-03-19 14:29:39 - Login failed for username: loovoourpc@yahoo.com.
2025-03-19 14:30:11 - Login attempt started.
2025-03-19 14:30:11 - Login successful for username: loovoour@gmail.com.
2025-03-19 14:30:30 - Login attempt started.
2025-03-19 14:30:31 - Login successful for username: loovoour@gmail.com.
2025-03-19 14:40:22 - Login attempt started.
2025-03-19 14:40:22 - Login successful for username: loovoour@gmail.com.
2025-03-19 14:41:53 - Login attempt started.
2025-03-19 14:41:53 - Login successful for username: loovoour@gmail.com.
2025-03-19 14:41:53 - Received username: loovoour@gmail.com.
2025-03-19 16:55:33 - Login attempt started.
2025-03-19 16:55:33 - Login successful for username: loovoour@gmail.com.
2025-03-19 21:27:56 - Login attempt started.
2025-03-19 21:27:56 - Login successful for username: loovoour@gmail.com.
2025-03-19 21:28:30 - Login attempt started.
2025-03-19 21:28:30 - Login successful for username: loovoour@gmail.com.
2025-03-19 21:28:30 - Received username: loovoour@gmail.com.
2025-03-19 21:29:58 - Login attempt started.
2025-03-19 21:29:58 - Login successful for username: loovoour@gmail.com.
2025-03-19 21:29:58 - Received username: loovoour@gmail.com.
2025-03-19 21:38:21 - Login attempt started.
2025-03-19 21:38:21 - Login successful for username: loovoour@gmail.com.
2025-03-19 21:38:21 - Received username: loovoour@gmail.com.
2025-03-19 21:38:47 - Login attempt started.
2025-03-19 21:38:47 - Login successful for username: loovoour@gmail.com.
2025-03-19 22:46:16 - Login attempt started.
2025-03-19 22:46:16 - Login successful for username: loovoour@gmail.com.
2025-03-19 22:46:44 - Login attempt started.
2025-03-19 22:46:44 - Login successful for username: loovoour@gmail.com.
2025-03-19 23:09:54 - Login attempt started.
2025-03-19 23:09:54 - Login successful for username: loovoour@gmail.com.
2025-03-19 23:09:54 - Received username: loovoour@gmail.com.
2025-03-19 23:13:07 - Login attempt started.
2025-03-19 23:13:07 - Login failed for username: loovoour@gmail.com.
2025-03-19 23:13:35 - Login attempt started.
2025-03-19 23:13:35 - Login successful for username: loovoour@gmail.com.
2025-03-19 23:37:15 - Login attempt started.
2025-03-19 23:37:15 - Login successful for username: loovoour@gmail.com.
2025-03-19 23:37:49 - Login attempt started.
2025-03-19 23:37:49 - Login successful for username: loovoour@gmail.com.
2025-03-19 23:53:16 - Login attempt started.
2025-03-19 23:53:16 - Login successful for username: loovoour@gmail.com.
2025-03-19 23:53:16 - Received username: loovoour@gmail.com.
2025-03-19 23:53:51 - Login attempt started.
2025-03-19 23:53:51 - Login successful for username: loovoour@gmail.com.
2025-03-19 23:54:29 - Login attempt started.
2025-03-19 23:54:29 - Login successful for username: loovoour@gmail.com.
2025-03-19 23:58:09 - Login attempt started.
2025-03-19 23:58:09 - Login successful for username: loovoour@gmail.com.
2025-03-20 00:45:55 - Login attempt started.
2025-03-20 00:45:55 - Login successful for username: loovoour@gmail.com.
2025-03-20 13:50:29 - Login attempt started.
2025-03-20 13:50:29 - Login failed for username: loovoour@gmail.com.
2025-03-20 13:50:42 - Login attempt started.
2025-03-20 13:50:42 - Login successful for username: loovoour@gmail.com.
2025-03-20 13:50:58 - Login attempt started.
2025-03-20 13:50:58 - Login successful for username: emihlemtolo075@gmail.com.
2025-03-20 13:51:29 - Login attempt started.
2025-03-20 13:51:29 - Login successful for username: loovoour@gmail.com.
2025-03-20 13:53:45 - Login attempt started.
2025-03-20 13:53:45 - Login successful for username: loovoour@gmail.com.
2025-03-20 13:56:32 - Login attempt started.
2025-03-20 13:56:32 - Login successful for username: loovoour@gmail.com.
2025-03-20 13:56:32 - Received username: loovoour@gmail.com.
2025-03-20 14:04:22 - Login attempt started.
2025-03-20 14:04:23 - Login successful for username: loovoour@gmail.com.
2025-03-20 14:04:31 - Login attempt started.
2025-03-20 14:04:31 - Login successful for username: loovoourpc@yahoo.com.
2025-03-20 14:04:52 - Login attempt started.
2025-03-20 14:04:52 - Login successful for username: loovoourpc@yahoo.com.
2025-03-20 14:05:31 - Login attempt started.
2025-03-20 14:05:31 - Login successful for username: loovoourpc@yahoo.com.
2025-03-20 14:08:35 - Login attempt started.
2025-03-20 14:08:35 - Login successful for username: loovoourpc@yahoo.com.
2025-03-20 14:08:35 - Received username: loovoourpc@yahoo.com.
2025-03-20 14:08:53 - Login attempt started.
2025-03-20 14:08:53 - Login successful for username: loovoour@gmail.com.
2025-03-20 14:26:02 - Login attempt started.
2025-03-20 14:26:02 - Login successful for username: loovoourpc@yahoo.com.
2025-03-20 14:26:02 - Received username: loovoourpc@yahoo.com.
2025-03-20 14:26:16 - Login attempt started.
2025-03-20 14:26:17 - Login successful for username: loovoour@gmail.com.
2025-03-20 14:26:17 - Received username: loovoour@gmail.com.
2025-03-20 14:26:35 - Login attempt started.
2025-03-20 14:26:35 - Login successful for username: loovoour@gmail.com.
2025-03-20 14:43:40 - Login attempt started.
2025-03-20 14:43:40 - Login failed for username: loovoour@gmail.com.
2025-03-20 14:43:46 - Login attempt started.
2025-03-20 14:43:46 - Login successful for username: loovoour@gmail.com.
2025-03-20 14:44:37 - Login attempt started.
2025-03-20 14:44:37 - Login successful for username: loovoour@gmail.com.
2025-03-20 15:24:56 - Login attempt started.
2025-03-20 15:24:57 - Login successful for username: loovoour@gmail.com.
2025-03-20 15:39:17 - Login attempt started.
2025-03-20 15:39:18 - Login successful for username: loovoour@gmail.com.
2025-03-20 16:31:01 - Login attempt started.
2025-03-20 16:31:01 - Login failed for username: loovoour@gmail.com.
2025-03-20 16:31:23 - Login attempt started.
2025-03-20 16:31:23 - Login successful for username: loovoour@gmail.com.
2025-03-20 17:01:27 - Login attempt started.
2025-03-20 17:01:27 - Login successful for username: loovoour@gmail.com.
2025-03-20 17:07:42 - Login attempt started.
2025-03-20 17:07:42 - Login successful for username: loovoour@gmail.com.
2025-03-20 17:07:56 - Login attempt started.
2025-03-20 17:07:56 - Login successful for username: loovoourpc@yahoo.com.
2025-03-20 17:07:56 - Received username: loovoourpc@yahoo.com.
2025-03-20 17:11:38 - Login attempt started.
2025-03-20 17:11:38 - Login failed for username: loovoour@gmail.com.
2025-03-20 17:15:19 - Login attempt started.
2025-03-20 17:15:19 - Login successful for username: loovoour@gmail.com.
2025-03-20 17:19:05 - Login attempt started.
2025-03-20 17:19:05 - Login successful for username: loovoour@gmail.com.
2025-03-20 18:50:22 - Login attempt started.
2025-03-20 18:50:22 - Login failed for username: loovoour@gmail.com.
2025-03-20 18:50:31 - Login attempt started.
2025-03-20 18:50:31 - Login successful for username: loovoour@gmail.com.
2025-03-21 13:36:34 - Login attempt started.
2025-03-21 13:36:34 - Login successful for username: loovoour@gmail.com.
2025-03-22 09:43:46 - Login attempt started.
2025-03-22 09:43:46 - Login successful for username: loovoour@gmail.com.
2025-03-22 09:54:25 - Login attempt started.
2025-03-22 09:54:25 - Login successful for username: loovoour@gmail.com.
2025-03-22 21:52:20 - Login attempt started.
2025-03-22 21:52:21 - Login successful for username: loovoour@gmail.com.
2025-03-23 23:15:38 - Login attempt started.
2025-03-23 23:15:38 - Login successful for username: loovoour@gmail.com.
2025-03-23 23:45:09 - Login attempt started.
2025-03-23 23:45:09 - Login successful for username: loovoour@gmail.com.
2025-03-24 00:01:13 - Login attempt started.
2025-03-24 00:01:13 - Login successful for username: loovoour@gmail.com.
2025-03-24 19:14:11 - Login attempt started.
2025-03-24 19:14:11 - Login failed for username: loovoour@gmail.com.
2025-03-24 19:14:22 - Login attempt started.
2025-03-24 19:14:23 - Login failed for username: loovoour@gmail.com.
2025-03-24 19:14:31 - Login attempt started.
2025-03-24 19:14:31 - Login failed for username: loovoour@gmail.com.
2025-03-24 19:14:40 - Login attempt started.
2025-03-24 19:14:40 - Login failed for username: loovoour@gmail.com.
2025-03-24 19:14:50 - Login attempt started.
2025-03-24 19:14:50 - Login successful for username: loovoour@gmail.com.
2025-03-25 11:13:45 - Login attempt started.
2025-03-25 11:13:45 - Login successful for username: loovoour@gmail.com.
2025-03-26 00:15:26 - Login attempt started.
2025-03-26 00:15:26 - Login successful for username: loovoour@gmail.com.
2025-03-26 00:59:19 - Login attempt started.
2025-03-26 00:59:19 - Login successful for username: loovoour@gmail.com.
2025-03-26 11:32:59 - Login attempt started.
2025-03-26 11:32:59 - Login successful for username: loovoour@gmail.com.
2025-03-26 11:36:13 - Login attempt started.
2025-03-26 11:36:13 - Login successful for username: loovoour@gmail.com.
2025-03-26 14:40:57 - Login attempt started.
2025-03-26 14:40:58 - Login successful for username: loovoour@gmail.com.
2025-03-27 01:13:00 - Login attempt started.
2025-03-27 01:13:00 - Login successful for username: loovoour@gmail.com.
2025-03-27 20:55:39 - Login attempt started.
2025-03-27 20:55:39 - Login failed for username: loovoour@gmail.com.
2025-03-27 20:55:44 - Login attempt started.
2025-03-27 20:55:44 - Login successful for username: loovoour@gmail.com.
