2025-03-18 14:14 - Im here: outisde
2025-03-18 14:14 - Registration completed successfully for seller: SELLER_61693
2025-03-18 14:22 - --------------------------------
2025-03-18 14:22 - Im here: outisde
2025-03-18 14:22 - Business inserted successfully.
2025-03-18 14:22 - Seller status updated successfully.
2025-03-18 14:22 - Address inserted successfully.
2025-03-18 14:22 - Registration completed successfully for seller: SELLER_61693
2025-03-18 14:22 - --------------------------------
2025-03-18 19:53 - --------------------------------
2025-03-18 19:53 - Im here: outisde
2025-03-18 19:53 - Business inserted successfully.
2025-03-18 19:53 - Seller status updated successfully.
2025-03-18 19:53 - Address inserted successfully.
2025-03-18 19:53 - Logo uploaded successfully: C:\Users\Luvuyo M M\Desktop\Bradaz Project\mzansimarket.v1.1.1/registration/uploads/logos/BUS_cc33b073-1742320434-learnersD.png
2025-03-18 19:53 - Registration completed successfully for seller: SELLER_17071
2025-03-18 19:53 - --------------------------------
2025-03-19 03:22 - New seller created: SELLER_61056
2025-03-19 03:25 - --------------------------------
2025-03-19 03:25 - Im here: outisde
2025-03-19 03:25 - Business inserted successfully.
2025-03-19 03:25 - Seller status update failed.
2025-03-19 03:25 - Logo uploaded successfully: C:\Users\Luvuyo M M\Desktop\Bradaz Project\mzansimarket.v1.1.1/registration/uploads/logos/BUS_27424995-1742347514-clintele.png
2025-03-19 03:25 - Registration completed successfully for seller: SELLER_61693
2025-03-19 03:25 - --------------------------------
2025-03-19 03:38 - New seller created: SELLER_28873
2025-03-19 03:40 - --------------------------------
2025-03-19 03:40 - Im here: outisde
2025-03-19 03:40 - Business inserted successfully.
2025-03-19 03:40 - Seller status updated successfully.
2025-03-19 03:40 - Address inserted successfully.
2025-03-19 03:40 - Logo uploaded successfully: C:\Users\Luvuyo M M\Desktop\Bradaz Project\mzansimarket.v1.1.1/registration/uploads/logos/BUS_985cd25a-1742348444-clintele.png
2025-03-19 03:40 - Registration completed successfully for seller: SELLER_28873
2025-03-19 03:40 - --------------------------------
2025-03-19 03:41 - --------------------------------
2025-03-19 03:41 - Im here: outisde
2025-03-19 03:41 - Business inserted successfully.
2025-03-19 03:41 - Seller status update failed.
2025-03-19 03:41 - Logo uploaded successfully: C:\Users\Luvuyo M M\Desktop\Bradaz Project\mzansimarket.v1.1.1/registration/uploads/logos/BUS_402b3c43-1742348487-clintele.png
2025-03-19 03:41 - Registration completed successfully for seller: SELLER_28873
2025-03-19 03:41 - --------------------------------
2025-03-19 14:02 - New seller created: SELLER_69831
2025-03-19 14:05 - --------------------------------
2025-03-19 14:05 - Im here: outisde
2025-03-19 14:05 - Business inserted successfully.
2025-03-19 14:05 - Seller status updated successfully.
2025-03-19 14:05 - Address inserted successfully.
2025-03-19 14:05 - Registration completed successfully for seller: SELLER_69831
2025-03-19 14:05 - --------------------------------
2025-03-19 14:28 - --------------------------------
2025-03-19 14:28 - Im here: outisde
2025-03-19 14:28 - Business inserted successfully.
2025-03-19 14:28 - Seller status updated successfully.
2025-03-19 14:28 - Address inserted successfully.
2025-03-19 14:28 - Registration completed successfully for seller: SELLER_61693
2025-03-19 14:28 - --------------------------------
2025-03-19 14:29 - --------------------------------
2025-03-19 14:29 - Im here: outisde
2025-03-19 14:29 - Business inserted successfully.
2025-03-19 14:29 - Seller status update failed.
2025-03-19 14:29 - Registration completed successfully for seller: SELLER_61693
2025-03-19 14:29 - --------------------------------
2025-03-19 14:29 - --------------------------------
2025-03-19 14:29 - Im here: outisde
2025-03-19 14:29 - Business inserted successfully.
2025-03-19 14:29 - Seller status update failed.
2025-03-19 14:29 - Registration completed successfully for seller: SELLER_61693
2025-03-19 14:29 - --------------------------------
2025-03-19 14:30 - --------------------------------
2025-03-19 14:30 - Im here: outisde
2025-03-19 14:30 - Business inserted successfully.
2025-03-19 14:30 - Seller status update failed.
2025-03-19 14:30 - Registration completed successfully for seller: SELLER_61693
2025-03-19 14:30 - --------------------------------
2025-03-19 14:30 - --------------------------------
2025-03-19 14:30 - Im here: outisde
2025-03-19 14:30 - Business inserted successfully.
2025-03-19 14:30 - Seller status update failed.
2025-03-19 14:30 - Registration completed successfully for seller: SELLER_61693
2025-03-19 14:30 - --------------------------------
2025-03-19 14:30 - --------------------------------
2025-03-19 14:30 - Im here: outisde
2025-03-19 14:30 - Business inserted successfully.
2025-03-19 14:30 - Seller status update failed.
2025-03-19 14:30 - Registration completed successfully for seller: SELLER_61693
2025-03-19 14:30 - --------------------------------
2025-03-19 14:34 - --------------------------------
2025-03-19 14:34 - Im here: outisde
2025-03-19 14:34 - Business inserted successfully.
2025-03-19 14:34 - Seller status update failed.
2025-03-19 14:34 - Registration completed successfully for seller: SELLER_61693
2025-03-19 14:34 - --------------------------------
2025-03-19 14:34 - --------------------------------
2025-03-19 14:34 - Im here: outisde
2025-03-19 14:34 - Business inserted successfully.
2025-03-19 14:34 - Seller status update failed.
2025-03-19 14:34 - Registration completed successfully for seller: SELLER_61693
2025-03-19 14:34 - --------------------------------
2025-03-19 14:35 - --------------------------------
2025-03-19 14:35 - Im here: outisde
2025-03-19 14:35 - Business inserted successfully.
2025-03-19 14:35 - Seller status update failed.
2025-03-19 14:35 - Registration completed successfully for seller: SELLER_61693
2025-03-19 14:35 - --------------------------------
2025-03-19 14:37 - --------------------------------
2025-03-19 14:37 - Im here: outisde
2025-03-19 14:37 - Business inserted successfully.
2025-03-19 14:37 - Seller status update failed.
2025-03-19 14:37 - Registration completed successfully for seller: SELLER_61693
2025-03-19 14:37 - --------------------------------
2025-03-19 14:37 - --------------------------------
2025-03-19 14:37 - Im here: outisde
2025-03-19 14:37 - Business inserted successfully.
2025-03-19 14:37 - Seller status update failed.
2025-03-19 14:37 - Registration completed successfully for seller: SELLER_61693
2025-03-19 14:37 - --------------------------------
2025-03-19 15:34 - New seller created: SELLER_99691
2025-03-19 15:35 - --------------------------------
2025-03-19 15:35 - Im here: outisde
2025-03-19 15:35 - Business inserted successfully.
2025-03-19 15:35 - Seller status updated successfully.
2025-03-19 15:35 - Address inserted successfully.
2025-03-19 15:35 - Registration completed successfully for seller: SELLER_99691
2025-03-19 15:35 - --------------------------------
2025-03-19 15:40 - --------------------------------
2025-03-19 15:40 - Business inserted/Updated successfully.
2025-03-19 15:40 - Seller status update failed.
2025-03-19 15:40 - Registration completed successfully for seller: SELLER_99691
2025-03-19 15:40 - --------------------------------
2025-03-19 15:45 - --------------------------------
2025-03-19 15:45 - Business inserted/Updated successfully.
2025-03-19 15:45 - Seller status update failed.
2025-03-19 15:45 - Logo uploaded successfully: C:\Users\Luvuyo M M\Desktop\Bradaz Project\mzansimarket.v1.1.1/registration/uploads/logos/BUS_6823765c-1742391922-clintele.png
2025-03-19 15:45 - Registration completed successfully for seller: SELLER_99691
2025-03-19 15:45 - --------------------------------
2025-03-19 15:46 - --------------------------------
2025-03-19 15:46 - Business inserted/Updated successfully.
2025-03-19 15:46 - Seller status update failed.
2025-03-19 15:46 - Logo uploaded successfully: C:\Users\Luvuyo M M\Desktop\Bradaz Project\mzansimarket.v1.1.1/registration/uploads/logos/BUS_66bdee30-1742391978-clintele.png
2025-03-19 15:46 - Registration completed successfully for seller: SELLER_99691
2025-03-19 15:46 - --------------------------------
2025-03-20 01:01 - -------------- Creating New user ------------------
2025-03-20 01:02 - New seller created: SELLER_93581
2025-03-20 01:06 - -------------- Creating New user ------------------
2025-03-20 01:06 - New seller created: SELLER_78869
2025-03-20 01:09 - -------------- Creating New user ------------------
2025-03-20 01:09 - New seller created: SELLER_77453
2025-03-20 01:11 - --------------------------------
2025-03-20 01:11 - Business inserted/Updated successfully.
2025-03-20 01:11 - Seller status updated successfully.
2025-03-20 01:11 - Address inserted successfully.
2025-03-20 01:11 - Logo uploaded successfully: C:\Users\Luvuyo M M\Desktop\Bradaz Project\mzansimarket.v1.1.1/registration/uploads/logos/BUS_85b696c5-1742425908-Screenshot 2025-03-19 200243.png
2025-03-20 01:11 - Registration completed successfully for seller: SELLER_77453
2025-03-20 01:11 - --------------------------------
2025-03-20 02:46 - -------------- Creating New user ------------------
2025-03-20 02:46 - New seller created: SELLER_14353
2025-03-20 02:56 - --------------------------------
2025-03-20 02:56 - Business inserted/Updated successfully.
2025-03-20 02:56 - Seller status updated successfully.
2025-03-20 02:56 - Address inserted successfully.
2025-03-20 02:56 - Registration completed successfully for seller: SELLER_14353
2025-03-20 02:56 - --------------------------------
2025-03-20 04:06 - -------------- Creating New user ------------------
2025-03-20 04:06 - New seller created: SELLER_61220
2025-03-20 04:08 - --------------------------------
2025-03-20 04:08 - Business inserted/Updated successfully.
2025-03-20 04:08 - Seller status updated successfully.
2025-03-20 04:08 - Address inserted successfully.
2025-03-20 04:08 - Logo uploaded successfully: C:\Users\Luvuyo M M\Desktop\Bradaz Project\mzansimarket.v1.1.1/registration/uploads/logos/BUS_9271dc65-1742436509-humanities.png
2025-03-20 04:08 - Registration completed successfully for seller: SELLER_61220
2025-03-20 04:08 - --------------------------------
2025-03-20 19:12 - -------------- Creating New user ------------------
2025-03-20 19:13 - New seller created: SELLER_72114
2025-03-20 19:14 - --------------------------------
2025-03-20 19:14 - Business inserted/Updated successfully.
2025-03-20 19:14 - Seller status updated successfully.
2025-03-20 19:14 - Address inserted successfully.
2025-03-20 19:14 - Logo uploaded successfully: C:\Users\Luvuyo M M\Desktop\Bradaz Project\mzansimarket.v1.2.1/registration/uploads/logos/BUS_46d70954-1742490876-12.png
2025-03-20 19:14 - Registration completed successfully for seller: SELLER_72114
2025-03-20 19:14 - --------------------------------
2025-03-29 17:52 - -------------- Creating New user ------------------
2025-03-29 17:52 - New seller created: SELLER_59555
2025-03-29 17:55 - --------------------------------
2025-03-29 17:55 - Business inserted/Updated successfully.
2025-03-29 17:55 - Seller status updated successfully.
2025-03-29 17:55 - Address inserted successfully.
2025-03-29 17:55 - Registration completed successfully for seller: SELLER_59555
2025-03-29 17:55 - --------------------------------
